dic 09, 2018 6:15:28 PM billpaymentsproject.states.GenerateTransaction generateNewTransaction
INFORMACIÓN: Generando transaccion 87:859.0  Estado:100
dic 09, 2018 6:15:28 PM billpaymentsproject.states.TransactionProcessor process
INFORMACIÓN: Pasando transaccion |87:859.0| de Estado:100 ---> Estado:200...
dic 09, 2018 6:15:29 PM billpaymentsproject.states.GenerateTransaction generateNewTransaction
INFORMACIÓN: Generando transaccion 67:-473.0  Estado:100
dic 09, 2018 6:15:30 PM billpaymentsproject.states.TransactionProcessor process
INFORMACIÓN: Pasando transaccion |67:-473.0| de Estado:100 ---> Estado:200...
dic 09, 2018 6:15:30 PM billpaymentsproject.states.GenerateTransaction generateNewTransaction
INFORMACIÓN: Generando transaccion 705:-486.0  Estado:100
dic 09, 2018 6:15:31 PM billpaymentsproject.states.TransactionVerifier verify
ADVERTENCIA: Transaccion |67:-473.0| denegada, ocurrió un error; Estado 201
dic 09, 2018 6:15:31 PM billpaymentsproject.states.GenerateTransaction generateNewTransaction
INFORMACIÓN: Generando transaccion 92:590.0  Estado:100
dic 09, 2018 6:15:32 PM billpaymentsproject.states.TransactionProcessor process
INFORMACIÓN: Pasando transaccion |92:590.0| de Estado:100 ---> Estado:200...
dic 09, 2018 6:15:32 PM billpaymentsproject.states.GenerateTransaction generateNewTransaction
INFORMACIÓN: Generando transaccion 205:-264.0  Estado:100
dic 09, 2018 6:15:34 PM billpaymentsproject.states.GenerateTransaction generateNewTransaction
INFORMACIÓN: Generando transaccion 614:-762.0  Estado:100
dic 09, 2018 6:15:34 PM billpaymentsproject.states.TransactionVerifier verify
INFORMACIÓN: Transaccion |92:590.0| verificada correctamente
dic 09, 2018 6:15:34 PM billpaymentsproject.states.TransactionProcessor process
INFORMACIÓN: Pasando transaccion |614:-762.0| de Estado:100 ---> Estado:200...
dic 09, 2018 6:15:35 PM billpaymentsproject.states.GenerateTransaction generateNewTransaction
INFORMACIÓN: Generando transaccion 721:-496.0  Estado:100
dic 09, 2018 6:15:36 PM billpaymentsproject.states.GenerateTransaction generateNewTransaction
INFORMACIÓN: Generando transaccion 943:-652.0  Estado:100
dic 09, 2018 6:15:36 PM billpaymentsproject.states.Payer pay
INFORMACIÓN: Transaccion |92:590.0| pagada correctamente
dic 09, 2018 6:15:37 PM billpaymentsproject.states.TransactionProcessor process
INFORMACIÓN: Pasando transaccion |943:-652.0| de Estado:100 ---> Estado:200...
dic 09, 2018 6:15:37 PM billpaymentsproject.states.GenerateTransaction generateNewTransaction
INFORMACIÓN: Generando transaccion 925:-700.0  Estado:100
dic 09, 2018 6:15:37 PM billpaymentsproject.states.TransactionVerifier verify
ADVERTENCIA: Transaccion |943:-652.0| denegada, ocurrió un error; Estado 201
dic 09, 2018 6:15:38 PM billpaymentsproject.states.GenerateTransaction generateNewTransaction
INFORMACIÓN: Generando transaccion 274:614.0  Estado:100
dic 09, 2018 6:15:39 PM billpaymentsproject.states.TransactionProcessor process
INFORMACIÓN: Pasando transaccion |274:614.0| de Estado:100 ---> Estado:200...
dic 09, 2018 6:15:39 PM billpaymentsproject.states.GenerateTransaction generateNewTransaction
INFORMACIÓN: Generando transaccion 53:-414.0  Estado:100
dic 09, 2018 6:15:40 PM billpaymentsproject.states.GenerateTransaction generateNewTransaction
INFORMACIÓN: Generando transaccion 993:-237.0  Estado:100
dic 09, 2018 6:15:40 PM billpaymentsproject.states.TransactionVerifier verify
INFORMACIÓN: Transaccion |274:614.0| verificada correctamente
dic 09, 2018 6:15:41 PM billpaymentsproject.states.TransactionProcessor process
INFORMACIÓN: Pasando transaccion |993:-237.0| de Estado:100 ---> Estado:200...
dic 09, 2018 6:15:41 PM billpaymentsproject.states.GenerateTransaction generateNewTransaction
INFORMACIÓN: Generando transaccion 455:-295.0  Estado:100
dic 09, 2018 6:15:42 PM billpaymentsproject.states.GenerateTransaction generateNewTransaction
INFORMACIÓN: Generando transaccion 119:-528.0  Estado:100
dic 09, 2018 6:15:43 PM billpaymentsproject.states.TransactionProcessor process
INFORMACIÓN: Pasando transaccion |119:-528.0| de Estado:100 ---> Estado:200...
dic 09, 2018 6:15:43 PM billpaymentsproject.states.GenerateTransaction generateNewTransaction
INFORMACIÓN: Generando transaccion 382:-253.0  Estado:100
dic 09, 2018 6:15:43 PM billpaymentsproject.states.TransactionVerifier verify
ADVERTENCIA: Transaccion |119:-528.0| denegada, ocurrió un error; Estado 201
dic 09, 2018 6:15:44 PM billpaymentsproject.states.Payer pay
INFORMACIÓN: Transaccion |274:614.0| pagada correctamente
dic 09, 2018 6:15:44 PM billpaymentsproject.states.GenerateTransaction generateNewTransaction
INFORMACIÓN: Generando transaccion 93:736.0  Estado:100
dic 09, 2018 6:15:45 PM billpaymentsproject.states.TransactionProcessor process
INFORMACIÓN: Pasando transaccion |93:736.0| de Estado:100 ---> Estado:200...
dic 09, 2018 6:15:45 PM billpaymentsproject.states.GenerateTransaction generateNewTransaction
INFORMACIÓN: Generando transaccion 688:594.0  Estado:100
dic 09, 2018 6:15:46 PM billpaymentsproject.states.GenerateTransaction generateNewTransaction
INFORMACIÓN: Generando transaccion 253:-249.0  Estado:100
dic 09, 2018 6:15:46 PM billpaymentsproject.states.TransactionVerifier verify
INFORMACIÓN: Transaccion |93:736.0| verificada correctamente
dic 09, 2018 6:15:47 PM billpaymentsproject.states.TransactionProcessor process
INFORMACIÓN: Pasando transaccion |253:-249.0| de Estado:100 ---> Estado:200...
dic 09, 2018 6:15:47 PM billpaymentsproject.states.GenerateTransaction generateNewTransaction
INFORMACIÓN: Generando transaccion 511:501.0  Estado:100
dic 09, 2018 6:15:48 PM billpaymentsproject.states.Payer pay
INFORMACIÓN: Transaccion |93:736.0| pagada correctamente
dic 09, 2018 6:15:48 PM billpaymentsproject.states.GenerateTransaction generateNewTransaction
INFORMACIÓN: Generando transaccion 918:-578.0  Estado:100
dic 09, 2018 6:15:49 PM billpaymentsproject.states.TransactionProcessor process
INFORMACIÓN: Pasando transaccion |918:-578.0| de Estado:100 ---> Estado:200...
dic 09, 2018 6:15:49 PM billpaymentsproject.states.GenerateTransaction generateNewTransaction
INFORMACIÓN: Generando transaccion 618:24.0  Estado:100
dic 09, 2018 6:15:50 PM billpaymentsproject.states.TransactionVerifier verify
ADVERTENCIA: Transaccion |918:-578.0| denegada, ocurrió un error; Estado 201
dic 09, 2018 6:15:50 PM billpaymentsproject.states.GenerateTransaction generateNewTransaction
INFORMACIÓN: Generando transaccion 993:240.0  Estado:100
dic 09, 2018 6:15:51 PM billpaymentsproject.states.TransactionProcessor process
INFORMACIÓN: Pasando transaccion |993:240.0| de Estado:100 ---> Estado:200...
dic 09, 2018 6:15:52 PM billpaymentsproject.states.GenerateTransaction generateNewTransaction
INFORMACIÓN: Generando transaccion 0:116.0  Estado:100
dic 09, 2018 6:15:53 PM billpaymentsproject.states.GenerateTransaction generateNewTransaction
INFORMACIÓN: Generando transaccion 467:-911.0  Estado:100
dic 09, 2018 6:15:53 PM billpaymentsproject.states.TransactionVerifier verify
INFORMACIÓN: Transaccion |993:240.0| verificada correctamente
dic 09, 2018 6:15:53 PM billpaymentsproject.states.TransactionProcessor process
INFORMACIÓN: Pasando transaccion |467:-911.0| de Estado:100 ---> Estado:200...
dic 09, 2018 6:15:54 PM billpaymentsproject.states.GenerateTransaction generateNewTransaction
INFORMACIÓN: Generando transaccion 899:350.0  Estado:100
dic 09, 2018 6:15:55 PM billpaymentsproject.states.GenerateTransaction generateNewTransaction
INFORMACIÓN: Generando transaccion 351:55.0  Estado:100
dic 09, 2018 6:15:55 PM billpaymentsproject.states.TransactionProcessor process
INFORMACIÓN: Pasando transaccion |351:55.0| de Estado:100 ---> Estado:200...
dic 09, 2018 6:15:56 PM billpaymentsproject.states.GenerateTransaction generateNewTransaction
INFORMACIÓN: Generando transaccion 246:864.0  Estado:100
dic 09, 2018 6:15:56 PM billpaymentsproject.states.TransactionVerifier verify
INFORMACIÓN: Transaccion |351:55.0| verificada correctamente
dic 09, 2018 6:15:56 PM billpaymentsproject.states.Payer pay
INFORMACIÓN: Transaccion |351:55.0| pagada correctamente
dic 09, 2018 6:15:57 PM billpaymentsproject.states.GenerateTransaction generateNewTransaction
INFORMACIÓN: Generando transaccion 989:-499.0  Estado:100
dic 09, 2018 6:15:57 PM billpaymentsproject.states.TransactionProcessor process
INFORMACIÓN: Pasando transaccion |989:-499.0| de Estado:100 ---> Estado:200...
dic 09, 2018 6:15:58 PM billpaymentsproject.states.GenerateTransaction generateNewTransaction
INFORMACIÓN: Generando transaccion 786:-817.0  Estado:100
dic 09, 2018 6:15:59 PM billpaymentsproject.states.TransactionVerifier verify
ADVERTENCIA: Transaccion |989:-499.0| denegada, ocurrió un error; Estado 201
dic 09, 2018 6:15:59 PM billpaymentsproject.states.GenerateTransaction generateNewTransaction
INFORMACIÓN: Generando transaccion 207:-619.0  Estado:100
dic 09, 2018 6:16:00 PM billpaymentsproject.states.TransactionProcessor process
INFORMACIÓN: Pasando transaccion |207:-619.0| de Estado:100 ---> Estado:200...
